<?xml version="1.0" encoding="UTF-8"?>
<testsuite xmlns:xsi="http://www.w3.org/2001/XMLSchema-instance" xsi:noNamespaceSchemaLocation="https://maven.apache.org/surefire/maven-surefire-plugin/xsd/surefire-test-report.xsd" name="com.zwm.codesandbox.CodeSandboxApplicationTests" time="6.825" tests="1" errors="0" skipped="0" failures="0">
  <properties>
    <property name="awt.toolkit" value="sun.awt.X11.XToolkit"/>
    <property name="file.encoding.pkg" value="sun.io"/>
    <property name="java.specification.version" value="1.8"/>
    <property name="sun.cpu.isalist" value=""/>
    <property name="sun.jnu.encoding" value="UTF-8"/>
    <property name="java.class.path" value="/home/zwm/code-sandbox/target/test-classes:/home/zwm/code-sandbox/target/classes:/home/zwm/.m2/repository/com/github/docker-java/docker-java-transport-httpclient5/3.3.0/docker-java-transport-httpclient5-3.3.0.jar:/home/zwm/.m2/repository/com/github/docker-java/docker-java-transport/3.3.0/docker-java-transport-3.3.0.jar:/home/zwm/.m2/repository/org/apache/httpcomponents/client5/httpclient5/5.1.4/httpclient5-5.1.4.jar:/home/zwm/.m2/repository/org/apache/httpcomponents/core5/httpcore5/5.1.5/httpcore5-5.1.5.jar:/home/zwm/.m2/repository/org/slf4j/slf4j-api/1.7.36/slf4j-api-1.7.36.jar:/home/zwm/.m2/repository/commons-codec/commons-codec/1.15/commons-codec-1.15.jar:/home/zwm/.m2/repository/net/java/dev/jna/jna/5.12.1/jna-5.12.1.jar:/home/zwm/.m2/repository/com/github/docker-java/docker-java/3.3.0/docker-java-3.3.0.jar:/home/zwm/.m2/repository/com/github/docker-java/docker-java-core/3.3.0/docker-java-core-3.3.0.jar:/home/zwm/.m2/repository/com/github/docker-java/docker-java-api/3.3.0/docker-java-api-3.3.0.jar:/home/zwm/.m2/repository/com/fasterxml/jackson/core/jackson-annotations/2.13.5/jackson-annotations-2.13.5.jar:/home/zwm/.m2/repository/commons-io/commons-io/2.6/commons-io-2.6.jar:/home/zwm/.m2/repository/org/apache/commons/commons-compress/1.21/commons-compress-1.21.jar:/home/zwm/.m2/repository/org/apache/commons/commons-lang3/3.12.0/commons-lang3-3.12.0.jar:/home/zwm/.m2/repository/com/fasterxml/jackson/core/jackson-databind/2.13.5/jackson-databind-2.13.5.jar:/home/zwm/.m2/repository/com/fasterxml/jackson/core/jackson-core/2.13.5/jackson-core-2.13.5.jar:/home/zwm/.m2/repository/com/google/guava/guava/19.0/guava-19.0.jar:/home/zwm/.m2/repository/org/bouncycastle/bcpkix-jdk15on/1.64/bcpkix-jdk15on-1.64.jar:/home/zwm/.m2/repository/org/bouncycastle/bcprov-jdk15on/1.64/bcprov-jdk15on-1.64.jar:/home/zwm/.m2/repository/com/github/docker-java/docker-java-transport-jersey/3.3.0/docker-java-transport-jersey-3.3.0.jar:/home/zwm/.m2/repository/com/fasterxml/jackson/jaxrs/jackson-jaxrs-json-provider/2.13.5/jackson-jaxrs-json-provider-2.13.5.jar:/home/zwm/.m2/repository/com/fasterxml/jackson/jaxrs/jackson-jaxrs-base/2.13.5/jackson-jaxrs-base-2.13.5.jar:/home/zwm/.m2/repository/com/fasterxml/jackson/module/jackson-module-jaxb-annotations/2.13.5/jackson-module-jaxb-annotations-2.13.5.jar:/home/zwm/.m2/repository/org/glassfish/jersey/connectors/jersey-apache-connector/2.35/jersey-apache-connector-2.35.jar:/home/zwm/.m2/repository/org/glassfish/jersey/core/jersey-common/2.35/jersey-common-2.35.jar:/home/zwm/.m2/repository/org/glassfish/hk2/osgi-resource-locator/1.0.3/osgi-resource-locator-1.0.3.jar:/home/zwm/.m2/repository/jakarta/ws/rs/jakarta.ws.rs-api/2.1.6/jakarta.ws.rs-api-2.1.6.jar:/home/zwm/.m2/repository/org/apache/httpcomponents/httpcore/4.4.16/httpcore-4.4.16.jar:/home/zwm/.m2/repository/org/apache/httpcomponents/httpclient/4.5.14/httpclient-4.5.14.jar:/home/zwm/.m2/repository/org/glassfish/jersey/core/jersey-client/2.35/jersey-client-2.35.jar:/home/zwm/.m2/repository/org/glassfish/hk2/external/jakarta.inject/2.6.1/jakarta.inject-2.6.1.jar:/home/zwm/.m2/repository/org/glassfish/jersey/inject/jersey-hk2/2.35/jersey-hk2-2.35.jar:/home/zwm/.m2/repository/org/glassfish/hk2/hk2-locator/2.6.1/hk2-locator-2.6.1.jar:/home/zwm/.m2/repository/org/glassfish/hk2/external/aopalliance-repackaged/2.6.1/aopalliance-repackaged-2.6.1.jar:/home/zwm/.m2/repository/org/glassfish/hk2/hk2-api/2.6.1/hk2-api-2.6.1.jar:/home/zwm/.m2/repository/org/glassfish/hk2/hk2-utils/2.6.1/hk2-utils-2.6.1.jar:/home/zwm/.m2/repository/org/javassist/javassist/3.25.0-GA/javassist-3.25.0-GA.jar:/home/zwm/.m2/repository/com/kohlschutter/junixsocket/junixsocket-common/2.6.1/junixsocket-common-2.6.1.jar:/home/zwm/.m2/repository/com/kohlschutter/junixsocket/junixsocket-native-common/2.6.1/junixsocket-native-common-2.6.1.jar:/home/zwm/.m2/repository/com/github/docker-java/docker-java-transport-netty/3.3.0/docker-java-transport-netty-3.3.0.jar:/home/zwm/.m2/repository/io/netty/netty-codec-http/4.1.94.Final/netty-codec-http-4.1.94.Final.jar:/home/zwm/.m2/repository/io/netty/netty-common/4.1.94.Final/netty-common-4.1.94.Final.jar:/home/zwm/.m2/repository/io/netty/netty-buffer/4.1.94.Final/netty-buffer-4.1.94.Final.jar:/home/zwm/.m2/repository/io/netty/netty-transport/4.1.94.Final/netty-transport-4.1.94.Final.jar:/home/zwm/.m2/repository/io/netty/netty-codec/4.1.94.Final/netty-codec-4.1.94.Final.jar:/home/zwm/.m2/repository/io/netty/netty-handler/4.1.94.Final/netty-handler-4.1.94.Final.jar:/home/zwm/.m2/repository/io/netty/netty-resolver/4.1.94.Final/netty-resolver-4.1.94.Final.jar:/home/zwm/.m2/repository/io/netty/netty-transport-native-unix-common/4.1.94.Final/netty-transport-native-unix-common-4.1.94.Final.jar:/home/zwm/.m2/repository/io/netty/netty-handler-proxy/4.1.94.Final/netty-handler-proxy-4.1.94.Final.jar:/home/zwm/.m2/repository/io/netty/netty-codec-socks/4.1.94.Final/netty-codec-socks-4.1.94.Final.jar:/home/zwm/.m2/repository/io/netty/netty-transport-native-epoll/4.1.94.Final/netty-transport-native-epoll-4.1.94.Final-linux-x86_64.jar:/home/zwm/.m2/repository/io/netty/netty-transport-classes-epoll/4.1.94.Final/netty-transport-classes-epoll-4.1.94.Final.jar:/home/zwm/.m2/repository/io/netty/netty-transport-native-kqueue/4.1.94.Final/netty-transport-native-kqueue-4.1.94.Final-osx-x86_64.jar:/home/zwm/.m2/repository/io/netty/netty-transport-classes-kqueue/4.1.94.Final/netty-transport-classes-kqueue-4.1.94.Final.jar:/home/zwm/.m2/repository/org/slf4j/jcl-over-slf4j/1.7.36/jcl-over-slf4j-1.7.36.jar:/home/zwm/.m2/repository/cn/hutool/hutool-all/5.8.8/hutool-all-5.8.8.jar:/home/zwm/.m2/repository/org/springframework/boot/spring-boot-starter-web/2.7.14/spring-boot-starter-web-2.7.14.jar:/home/zwm/.m2/repository/org/springframework/boot/spring-boot-starter/2.7.14/spring-boot-starter-2.7.14.jar:/home/zwm/.m2/repository/org/springframework/boot/spring-boot-starter-logging/2.7.14/spring-boot-starter-logging-2.7.14.jar:/home/zwm/.m2/repository/ch/qos/logback/logback-classic/1.2.12/logback-classic-1.2.12.jar:/home/zwm/.m2/repository/ch/qos/logback/logback-core/1.2.12/logback-core-1.2.12.jar:/home/zwm/.m2/repository/org/apache/logging/log4j/log4j-to-slf4j/2.17.2/log4j-to-slf4j-2.17.2.jar:/home/zwm/.m2/repository/org/apache/logging/log4j/log4j-api/2.17.2/log4j-api-2.17.2.jar:/home/zwm/.m2/repository/org/slf4j/jul-to-slf4j/1.7.36/jul-to-slf4j-1.7.36.jar:/home/zwm/.m2/repository/jakarta/annotation/jakarta.annotation-api/1.3.5/jakarta.annotation-api-1.3.5.jar:/home/zwm/.m2/repository/org/yaml/snakeyaml/1.30/snakeyaml-1.30.jar:/home/zwm/.m2/repository/org/springframework/boot/spring-boot-starter-json/2.7.14/spring-boot-starter-json-2.7.14.jar:/home/zwm/.m2/repository/com/fasterxml/jackson/datatype/jackson-datatype-jdk8/2.13.5/jackson-datatype-jdk8-2.13.5.jar:/home/zwm/.m2/repository/com/fasterxml/jackson/datatype/jackson-datatype-jsr310/2.13.5/jackson-datatype-jsr310-2.13.5.jar:/home/zwm/.m2/repository/com/fasterxml/jackson/module/jackson-module-parameter-names/2.13.5/jackson-module-parameter-names-2.13.5.jar:/home/zwm/.m2/repository/org/springframework/boot/spring-boot-starter-tomcat/2.7.14/spring-boot-starter-tomcat-2.7.14.jar:/home/zwm/.m2/repository/org/apache/tomcat/embed/tomcat-embed-core/9.0.78/tomcat-embed-core-9.0.78.jar:/home/zwm/.m2/repository/org/apache/tomcat/embed/tomcat-embed-el/9.0.78/tomcat-embed-el-9.0.78.jar:/home/zwm/.m2/repository/org/apache/tomcat/embed/tomcat-embed-websocket/9.0.78/tomcat-embed-websocket-9.0.78.jar:/home/zwm/.m2/repository/org/springframework/spring-web/5.3.29/spring-web-5.3.29.jar:/home/zwm/.m2/repository/org/springframework/spring-beans/5.3.29/spring-beans-5.3.29.jar:/home/zwm/.m2/repository/org/springframework/spring-webmvc/5.3.29/spring-webmvc-5.3.29.jar:/home/zwm/.m2/repository/org/springframework/spring-aop/5.3.29/spring-aop-5.3.29.jar:/home/zwm/.m2/repository/org/springframework/spring-context/5.3.29/spring-context-5.3.29.jar:/home/zwm/.m2/repository/org/springframework/spring-expression/5.3.29/spring-expression-5.3.29.jar:/home/zwm/.m2/repository/org/springframework/boot/spring-boot-devtools/2.7.14/spring-boot-devtools-2.7.14.jar:/home/zwm/.m2/repository/org/springframework/boot/spring-boot/2.7.14/spring-boot-2.7.14.jar:/home/zwm/.m2/repository/org/springframework/boot/spring-boot-autoconfigure/2.7.14/spring-boot-autoconfigure-2.7.14.jar:/home/zwm/.m2/repository/org/projectlombok/lombok/1.18.28/lombok-1.18.28.jar:/home/zwm/.m2/repository/org/springframework/boot/spring-boot-starter-test/2.7.14/spring-boot-starter-test-2.7.14.jar:/home/zwm/.m2/repository/org/springframework/boot/spring-boot-test/2.7.14/spring-boot-test-2.7.14.jar:/home/zwm/.m2/repository/org/springframework/boot/spring-boot-test-autoconfigure/2.7.14/spring-boot-test-autoconfigure-2.7.14.jar:/home/zwm/.m2/repository/com/jayway/jsonpath/json-path/2.7.0/json-path-2.7.0.jar:/home/zwm/.m2/repository/net/minidev/json-smart/2.4.11/json-smart-2.4.11.jar:/home/zwm/.m2/repository/net/minidev/accessors-smart/2.4.11/accessors-smart-2.4.11.jar:/home/zwm/.m2/repository/org/ow2/asm/asm/9.3/asm-9.3.jar:/home/zwm/.m2/repository/jakarta/xml/bind/jakarta.xml.bind-api/2.3.3/jakarta.xml.bind-api-2.3.3.jar:/home/zwm/.m2/repository/jakarta/activation/jakarta.activation-api/1.2.2/jakarta.activation-api-1.2.2.jar:/home/zwm/.m2/repository/org/assertj/assertj-core/3.22.0/assertj-core-3.22.0.jar:/home/zwm/.m2/repository/org/hamcrest/hamcrest/2.2/hamcrest-2.2.jar:/home/zwm/.m2/repository/org/junit/jupiter/junit-jupiter/5.8.2/junit-jupiter-5.8.2.jar:/home/zwm/.m2/repository/org/junit/jupiter/junit-jupiter-api/5.8.2/junit-jupiter-api-5.8.2.jar:/home/zwm/.m2/repository/org/opentest4j/opentest4j/1.2.0/opentest4j-1.2.0.jar:/home/zwm/.m2/repository/org/junit/platform/junit-platform-commons/1.8.2/junit-platform-commons-1.8.2.jar:/home/zwm/.m2/repository/org/apiguardian/apiguardian-api/1.1.2/apiguardian-api-1.1.2.jar:/home/zwm/.m2/repository/org/junit/jupiter/junit-jupiter-params/5.8.2/junit-jupiter-params-5.8.2.jar:/home/zwm/.m2/repository/org/junit/jupiter/junit-jupiter-engine/5.8.2/junit-jupiter-engine-5.8.2.jar:/home/zwm/.m2/repository/org/junit/platform/junit-platform-engine/1.8.2/junit-platform-engine-1.8.2.jar:/home/zwm/.m2/repository/org/mockito/mockito-core/4.5.1/mockito-core-4.5.1.jar:/home/zwm/.m2/repository/net/bytebuddy/byte-buddy/1.12.23/byte-buddy-1.12.23.jar:/home/zwm/.m2/repository/net/bytebuddy/byte-buddy-agent/1.12.23/byte-buddy-agent-1.12.23.jar:/home/zwm/.m2/repository/org/objenesis/objenesis/3.2/objenesis-3.2.jar:/home/zwm/.m2/repository/org/mockito/mockito-junit-jupiter/4.5.1/mockito-junit-jupiter-4.5.1.jar:/home/zwm/.m2/repository/org/skyscreamer/jsonassert/1.5.1/jsonassert-1.5.1.jar:/home/zwm/.m2/repository/com/vaadin/external/google/android-json/0.0.20131108.vaadin1/android-json-0.0.20131108.vaadin1.jar:/home/zwm/.m2/repository/org/springframework/spring-core/5.3.29/spring-core-5.3.29.jar:/home/zwm/.m2/repository/org/springframework/spring-jcl/5.3.29/spring-jcl-5.3.29.jar:/home/zwm/.m2/repository/org/springframework/spring-test/5.3.29/spring-test-5.3.29.jar:/home/zwm/.m2/repository/org/xmlunit/xmlunit-core/2.9.1/xmlunit-core-2.9.1.jar:"/>
    <property name="java.vm.vendor" value="Amazon.com Inc."/>
    <property name="sun.arch.data.model" value="64"/>
    <property name="java.vendor.url" value="https://aws.amazon.com/corretto/"/>
    <property name="user.timezone" value=""/>
    <property name="java.vm.specification.version" value="1.8"/>
    <property name="os.name" value="Linux"/>
    <property name="user.country" value="CN"/>
    <property name="sun.java.launcher" value="SUN_STANDARD"/>
    <property name="sun.boot.library.path" value="/home/zwm/.jdks/corretto-1.8.0_422/jre/lib/amd64"/>
    <property name="sun.java.command" value="/home/zwm/code-sandbox/target/surefire/surefirebooter3926848084729451566.jar /home/zwm/code-sandbox/target/surefire 2024-09-29T09-56-54_088-jvmRun1 surefire4852505336189705885tmp surefire_08504098599634873498tmp"/>
    <property name="surefire.test.class.path" value="/home/zwm/code-sandbox/target/test-classes:/home/zwm/code-sandbox/target/classes:/home/zwm/.m2/repository/com/github/docker-java/docker-java-transport-httpclient5/3.3.0/docker-java-transport-httpclient5-3.3.0.jar:/home/zwm/.m2/repository/com/github/docker-java/docker-java-transport/3.3.0/docker-java-transport-3.3.0.jar:/home/zwm/.m2/repository/org/apache/httpcomponents/client5/httpclient5/5.1.4/httpclient5-5.1.4.jar:/home/zwm/.m2/repository/org/apache/httpcomponents/core5/httpcore5/5.1.5/httpcore5-5.1.5.jar:/home/zwm/.m2/repository/org/slf4j/slf4j-api/1.7.36/slf4j-api-1.7.36.jar:/home/zwm/.m2/repository/commons-codec/commons-codec/1.15/commons-codec-1.15.jar:/home/zwm/.m2/repository/net/java/dev/jna/jna/5.12.1/jna-5.12.1.jar:/home/zwm/.m2/repository/com/github/docker-java/docker-java/3.3.0/docker-java-3.3.0.jar:/home/zwm/.m2/repository/com/github/docker-java/docker-java-core/3.3.0/docker-java-core-3.3.0.jar:/home/zwm/.m2/repository/com/github/docker-java/docker-java-api/3.3.0/docker-java-api-3.3.0.jar:/home/zwm/.m2/repository/com/fasterxml/jackson/core/jackson-annotations/2.13.5/jackson-annotations-2.13.5.jar:/home/zwm/.m2/repository/commons-io/commons-io/2.6/commons-io-2.6.jar:/home/zwm/.m2/repository/org/apache/commons/commons-compress/1.21/commons-compress-1.21.jar:/home/zwm/.m2/repository/org/apache/commons/commons-lang3/3.12.0/commons-lang3-3.12.0.jar:/home/zwm/.m2/repository/com/fasterxml/jackson/core/jackson-databind/2.13.5/jackson-databind-2.13.5.jar:/home/zwm/.m2/repository/com/fasterxml/jackson/core/jackson-core/2.13.5/jackson-core-2.13.5.jar:/home/zwm/.m2/repository/com/google/guava/guava/19.0/guava-19.0.jar:/home/zwm/.m2/repository/org/bouncycastle/bcpkix-jdk15on/1.64/bcpkix-jdk15on-1.64.jar:/home/zwm/.m2/repository/org/bouncycastle/bcprov-jdk15on/1.64/bcprov-jdk15on-1.64.jar:/home/zwm/.m2/repository/com/github/docker-java/docker-java-transport-jersey/3.3.0/docker-java-transport-jersey-3.3.0.jar:/home/zwm/.m2/repository/com/fasterxml/jackson/jaxrs/jackson-jaxrs-json-provider/2.13.5/jackson-jaxrs-json-provider-2.13.5.jar:/home/zwm/.m2/repository/com/fasterxml/jackson/jaxrs/jackson-jaxrs-base/2.13.5/jackson-jaxrs-base-2.13.5.jar:/home/zwm/.m2/repository/com/fasterxml/jackson/module/jackson-module-jaxb-annotations/2.13.5/jackson-module-jaxb-annotations-2.13.5.jar:/home/zwm/.m2/repository/org/glassfish/jersey/connectors/jersey-apache-connector/2.35/jersey-apache-connector-2.35.jar:/home/zwm/.m2/repository/org/glassfish/jersey/core/jersey-common/2.35/jersey-common-2.35.jar:/home/zwm/.m2/repository/org/glassfish/hk2/osgi-resource-locator/1.0.3/osgi-resource-locator-1.0.3.jar:/home/zwm/.m2/repository/jakarta/ws/rs/jakarta.ws.rs-api/2.1.6/jakarta.ws.rs-api-2.1.6.jar:/home/zwm/.m2/repository/org/apache/httpcomponents/httpcore/4.4.16/httpcore-4.4.16.jar:/home/zwm/.m2/repository/org/apache/httpcomponents/httpclient/4.5.14/httpclient-4.5.14.jar:/home/zwm/.m2/repository/org/glassfish/jersey/core/jersey-client/2.35/jersey-client-2.35.jar:/home/zwm/.m2/repository/org/glassfish/hk2/external/jakarta.inject/2.6.1/jakarta.inject-2.6.1.jar:/home/zwm/.m2/repository/org/glassfish/jersey/inject/jersey-hk2/2.35/jersey-hk2-2.35.jar:/home/zwm/.m2/repository/org/glassfish/hk2/hk2-locator/2.6.1/hk2-locator-2.6.1.jar:/home/zwm/.m2/repository/org/glassfish/hk2/external/aopalliance-repackaged/2.6.1/aopalliance-repackaged-2.6.1.jar:/home/zwm/.m2/repository/org/glassfish/hk2/hk2-api/2.6.1/hk2-api-2.6.1.jar:/home/zwm/.m2/repository/org/glassfish/hk2/hk2-utils/2.6.1/hk2-utils-2.6.1.jar:/home/zwm/.m2/repository/org/javassist/javassist/3.25.0-GA/javassist-3.25.0-GA.jar:/home/zwm/.m2/repository/com/kohlschutter/junixsocket/junixsocket-common/2.6.1/junixsocket-common-2.6.1.jar:/home/zwm/.m2/repository/com/kohlschutter/junixsocket/junixsocket-native-common/2.6.1/junixsocket-native-common-2.6.1.jar:/home/zwm/.m2/repository/com/github/docker-java/docker-java-transport-netty/3.3.0/docker-java-transport-netty-3.3.0.jar:/home/zwm/.m2/repository/io/netty/netty-codec-http/4.1.94.Final/netty-codec-http-4.1.94.Final.jar:/home/zwm/.m2/repository/io/netty/netty-common/4.1.94.Final/netty-common-4.1.94.Final.jar:/home/zwm/.m2/repository/io/netty/netty-buffer/4.1.94.Final/netty-buffer-4.1.94.Final.jar:/home/zwm/.m2/repository/io/netty/netty-transport/4.1.94.Final/netty-transport-4.1.94.Final.jar:/home/zwm/.m2/repository/io/netty/netty-codec/4.1.94.Final/netty-codec-4.1.94.Final.jar:/home/zwm/.m2/repository/io/netty/netty-handler/4.1.94.Final/netty-handler-4.1.94.Final.jar:/home/zwm/.m2/repository/io/netty/netty-resolver/4.1.94.Final/netty-resolver-4.1.94.Final.jar:/home/zwm/.m2/repository/io/netty/netty-transport-native-unix-common/4.1.94.Final/netty-transport-native-unix-common-4.1.94.Final.jar:/home/zwm/.m2/repository/io/netty/netty-handler-proxy/4.1.94.Final/netty-handler-proxy-4.1.94.Final.jar:/home/zwm/.m2/repository/io/netty/netty-codec-socks/4.1.94.Final/netty-codec-socks-4.1.94.Final.jar:/home/zwm/.m2/repository/io/netty/netty-transport-native-epoll/4.1.94.Final/netty-transport-native-epoll-4.1.94.Final-linux-x86_64.jar:/home/zwm/.m2/repository/io/netty/netty-transport-classes-epoll/4.1.94.Final/netty-transport-classes-epoll-4.1.94.Final.jar:/home/zwm/.m2/repository/io/netty/netty-transport-native-kqueue/4.1.94.Final/netty-transport-native-kqueue-4.1.94.Final-osx-x86_64.jar:/home/zwm/.m2/repository/io/netty/netty-transport-classes-kqueue/4.1.94.Final/netty-transport-classes-kqueue-4.1.94.Final.jar:/home/zwm/.m2/repository/org/slf4j/jcl-over-slf4j/1.7.36/jcl-over-slf4j-1.7.36.jar:/home/zwm/.m2/repository/cn/hutool/hutool-all/5.8.8/hutool-all-5.8.8.jar:/home/zwm/.m2/repository/org/springframework/boot/spring-boot-starter-web/2.7.14/spring-boot-starter-web-2.7.14.jar:/home/zwm/.m2/repository/org/springframework/boot/spring-boot-starter/2.7.14/spring-boot-starter-2.7.14.jar:/home/zwm/.m2/repository/org/springframework/boot/spring-boot-starter-logging/2.7.14/spring-boot-starter-logging-2.7.14.jar:/home/zwm/.m2/repository/ch/qos/logback/logback-classic/1.2.12/logback-classic-1.2.12.jar:/home/zwm/.m2/repository/ch/qos/logback/logback-core/1.2.12/logback-core-1.2.12.jar:/home/zwm/.m2/repository/org/apache/logging/log4j/log4j-to-slf4j/2.17.2/log4j-to-slf4j-2.17.2.jar:/home/zwm/.m2/repository/org/apache/logging/log4j/log4j-api/2.17.2/log4j-api-2.17.2.jar:/home/zwm/.m2/repository/org/slf4j/jul-to-slf4j/1.7.36/jul-to-slf4j-1.7.36.jar:/home/zwm/.m2/repository/jakarta/annotation/jakarta.annotation-api/1.3.5/jakarta.annotation-api-1.3.5.jar:/home/zwm/.m2/repository/org/yaml/snakeyaml/1.30/snakeyaml-1.30.jar:/home/zwm/.m2/repository/org/springframework/boot/spring-boot-starter-json/2.7.14/spring-boot-starter-json-2.7.14.jar:/home/zwm/.m2/repository/com/fasterxml/jackson/datatype/jackson-datatype-jdk8/2.13.5/jackson-datatype-jdk8-2.13.5.jar:/home/zwm/.m2/repository/com/fasterxml/jackson/datatype/jackson-datatype-jsr310/2.13.5/jackson-datatype-jsr310-2.13.5.jar:/home/zwm/.m2/repository/com/fasterxml/jackson/module/jackson-module-parameter-names/2.13.5/jackson-module-parameter-names-2.13.5.jar:/home/zwm/.m2/repository/org/springframework/boot/spring-boot-starter-tomcat/2.7.14/spring-boot-starter-tomcat-2.7.14.jar:/home/zwm/.m2/repository/org/apache/tomcat/embed/tomcat-embed-core/9.0.78/tomcat-embed-core-9.0.78.jar:/home/zwm/.m2/repository/org/apache/tomcat/embed/tomcat-embed-el/9.0.78/tomcat-embed-el-9.0.78.jar:/home/zwm/.m2/repository/org/apache/tomcat/embed/tomcat-embed-websocket/9.0.78/tomcat-embed-websocket-9.0.78.jar:/home/zwm/.m2/repository/org/springframework/spring-web/5.3.29/spring-web-5.3.29.jar:/home/zwm/.m2/repository/org/springframework/spring-beans/5.3.29/spring-beans-5.3.29.jar:/home/zwm/.m2/repository/org/springframework/spring-webmvc/5.3.29/spring-webmvc-5.3.29.jar:/home/zwm/.m2/repository/org/springframework/spring-aop/5.3.29/spring-aop-5.3.29.jar:/home/zwm/.m2/repository/org/springframework/spring-context/5.3.29/spring-context-5.3.29.jar:/home/zwm/.m2/repository/org/springframework/spring-expression/5.3.29/spring-expression-5.3.29.jar:/home/zwm/.m2/repository/org/springframework/boot/spring-boot-devtools/2.7.14/spring-boot-devtools-2.7.14.jar:/home/zwm/.m2/repository/org/springframework/boot/spring-boot/2.7.14/spring-boot-2.7.14.jar:/home/zwm/.m2/repository/org/springframework/boot/spring-boot-autoconfigure/2.7.14/spring-boot-autoconfigure-2.7.14.jar:/home/zwm/.m2/repository/org/projectlombok/lombok/1.18.28/lombok-1.18.28.jar:/home/zwm/.m2/repository/org/springframework/boot/spring-boot-starter-test/2.7.14/spring-boot-starter-test-2.7.14.jar:/home/zwm/.m2/repository/org/springframework/boot/spring-boot-test/2.7.14/spring-boot-test-2.7.14.jar:/home/zwm/.m2/repository/org/springframework/boot/spring-boot-test-autoconfigure/2.7.14/spring-boot-test-autoconfigure-2.7.14.jar:/home/zwm/.m2/repository/com/jayway/jsonpath/json-path/2.7.0/json-path-2.7.0.jar:/home/zwm/.m2/repository/net/minidev/json-smart/2.4.11/json-smart-2.4.11.jar:/home/zwm/.m2/repository/net/minidev/accessors-smart/2.4.11/accessors-smart-2.4.11.jar:/home/zwm/.m2/repository/org/ow2/asm/asm/9.3/asm-9.3.jar:/home/zwm/.m2/repository/jakarta/xml/bind/jakarta.xml.bind-api/2.3.3/jakarta.xml.bind-api-2.3.3.jar:/home/zwm/.m2/repository/jakarta/activation/jakarta.activation-api/1.2.2/jakarta.activation-api-1.2.2.jar:/home/zwm/.m2/repository/org/assertj/assertj-core/3.22.0/assertj-core-3.22.0.jar:/home/zwm/.m2/repository/org/hamcrest/hamcrest/2.2/hamcrest-2.2.jar:/home/zwm/.m2/repository/org/junit/jupiter/junit-jupiter/5.8.2/junit-jupiter-5.8.2.jar:/home/zwm/.m2/repository/org/junit/jupiter/junit-jupiter-api/5.8.2/junit-jupiter-api-5.8.2.jar:/home/zwm/.m2/repository/org/opentest4j/opentest4j/1.2.0/opentest4j-1.2.0.jar:/home/zwm/.m2/repository/org/junit/platform/junit-platform-commons/1.8.2/junit-platform-commons-1.8.2.jar:/home/zwm/.m2/repository/org/apiguardian/apiguardian-api/1.1.2/apiguardian-api-1.1.2.jar:/home/zwm/.m2/repository/org/junit/jupiter/junit-jupiter-params/5.8.2/junit-jupiter-params-5.8.2.jar:/home/zwm/.m2/repository/org/junit/jupiter/junit-jupiter-engine/5.8.2/junit-jupiter-engine-5.8.2.jar:/home/zwm/.m2/repository/org/junit/platform/junit-platform-engine/1.8.2/junit-platform-engine-1.8.2.jar:/home/zwm/.m2/repository/org/mockito/mockito-core/4.5.1/mockito-core-4.5.1.jar:/home/zwm/.m2/repository/net/bytebuddy/byte-buddy/1.12.23/byte-buddy-1.12.23.jar:/home/zwm/.m2/repository/net/bytebuddy/byte-buddy-agent/1.12.23/byte-buddy-agent-1.12.23.jar:/home/zwm/.m2/repository/org/objenesis/objenesis/3.2/objenesis-3.2.jar:/home/zwm/.m2/repository/org/mockito/mockito-junit-jupiter/4.5.1/mockito-junit-jupiter-4.5.1.jar:/home/zwm/.m2/repository/org/skyscreamer/jsonassert/1.5.1/jsonassert-1.5.1.jar:/home/zwm/.m2/repository/com/vaadin/external/google/android-json/0.0.20131108.vaadin1/android-json-0.0.20131108.vaadin1.jar:/home/zwm/.m2/repository/org/springframework/spring-core/5.3.29/spring-core-5.3.29.jar:/home/zwm/.m2/repository/org/springframework/spring-jcl/5.3.29/spring-jcl-5.3.29.jar:/home/zwm/.m2/repository/org/springframework/spring-test/5.3.29/spring-test-5.3.29.jar:/home/zwm/.m2/repository/org/xmlunit/xmlunit-core/2.9.1/xmlunit-core-2.9.1.jar:"/>
    <property name="sun.cpu.endian" value="little"/>
    <property name="user.home" value="/home/zwm"/>
    <property name="user.language" value="zh"/>
    <property name="java.specification.vendor" value="Oracle Corporation"/>
    <property name="java.home" value="/home/zwm/.jdks/corretto-1.8.0_422/jre"/>
    <property name="basedir" value="/home/zwm/code-sandbox"/>
    <property name="file.separator" value="/"/>
    <property name="line.separator" value="&#10;"/>
    <property name="java.vm.specification.vendor" value="Oracle Corporation"/>
    <property name="java.specification.name" value="Java Platform API Specification"/>
    <property name="java.awt.graphicsenv" value="sun.awt.X11GraphicsEnvironment"/>
    <property name="surefire.real.class.path" value="/home/zwm/code-sandbox/target/surefire/surefirebooter3926848084729451566.jar"/>
    <property name="sun.boot.class.path" value="/home/zwm/.jdks/corretto-1.8.0_422/jre/lib/resources.jar:/home/zwm/.jdks/corretto-1.8.0_422/jre/lib/rt.jar:/home/zwm/.jdks/corretto-1.8.0_422/jre/lib/sunrsasign.jar:/home/zwm/.jdks/corretto-1.8.0_422/jre/lib/jsse.jar:/home/zwm/.jdks/corretto-1.8.0_422/jre/lib/jce.jar:/home/zwm/.jdks/corretto-1.8.0_422/jre/lib/charsets.jar:/home/zwm/.jdks/corretto-1.8.0_422/jre/lib/jfr.jar:/home/zwm/.jdks/corretto-1.8.0_422/jre/classes"/>
    <property name="sun.management.compiler" value="HotSpot 64-Bit Tiered Compilers"/>
    <property name="java.runtime.version" value="1.8.0_422-b05"/>
    <property name="user.name" value="zwm"/>
    <property name="path.separator" value=":"/>
    <property name="os.version" value="5.15.0-122-generic"/>
    <property name="java.endorsed.dirs" value="/home/zwm/.jdks/corretto-1.8.0_422/jre/lib/endorsed"/>
    <property name="java.runtime.name" value="OpenJDK Runtime Environment"/>
    <property name="file.encoding" value="UTF-8"/>
    <property name="java.vm.name" value="OpenJDK 64-Bit Server VM"/>
    <property name="localRepository" value="/home/zwm/.m2/repository"/>
    <property name="java.vendor.url.bug" value="https://github.com/corretto/corretto-8/issues/"/>
    <property name="java.io.tmpdir" value="/tmp"/>
    <property name="idea.version" value="2024.2.2"/>
    <property name="java.version" value="1.8.0_422"/>
    <property name="user.dir" value="/home/zwm/code-sandbox"/>
    <property name="os.arch" value="amd64"/>
    <property name="java.vm.specification.name" value="Java Virtual Machine Specification"/>
    <property name="java.awt.printerjob" value="sun.print.PSPrinterJob"/>
    <property name="sun.os.patch.level" value="unknown"/>
    <property name="java.library.path" value="/usr/java/packages/lib/amd64:/usr/lib64:/lib64:/lib:/usr/lib"/>
    <property name="java.vm.info" value="mixed mode"/>
    <property name="java.vendor" value="Amazon.com Inc."/>
    <property name="java.vm.version" value="25.422-b05"/>
    <property name="java.specification.maintenance.version" value="5"/>
    <property name="java.ext.dirs" value="/home/zwm/.jdks/corretto-1.8.0_422/jre/lib/ext:/usr/java/packages/lib/ext"/>
    <property name="sun.io.unicode.encoding" value="UnicodeLittle"/>
    <property name="java.class.version" value="52.0"/>
  </properties>
  <testcase name="contextLoads" classname="com.zwm.codesandbox.CodeSandboxApplicationTests" time="0.702"/>
</testsuite>